<?xml version="1.0" encoding="UTF-8"?>
<testsuite name="CalculatorTest" tests="2" skipped="0" failures="0" errors="0" timestamp="2020-12-18T01:50:29" hostname="SaumyaSystem" time="0.025">
  <properties/>
  <testcase name="Testing Add Method" classname="CalculatorTest" time="0.019"/>
  <testcase name="Testing Subtract Method" classname="CalculatorTest" time="0.005"/>
  <system-out><![CDATA[]]></system-out>
  <system-err><![CDATA[]]></system-err>
</testsuite>
